c:\users\mafoti\documents\visual studio 2013\projects\trunk gridlab-d-code-strategicconsumer\residential\win32\debug\residential\vc120.pdb
c:\users\mafoti\documents\visual studio 2013\projects\trunk gridlab-d-code-strategicconsumer\residential\win32\debug\residential\vc120.idb
c:\users\mafoti\documents\visual studio 2013\projects\trunk gridlab-d-code-strategicconsumer\residential\win32\debug\residential\dryer.obj
c:\users\mafoti\documents\visual studio 2013\projects\trunk gridlab-d-code-strategicconsumer\residential\win32\debug\residential\evcharger.obj
c:\users\mafoti\documents\visual studio 2013\projects\trunk gridlab-d-code-strategicconsumer\residential\win32\debug\residential\evcharger_det.obj
c:\users\mafoti\documents\visual studio 2013\projects\trunk gridlab-d-code-strategicconsumer\residential\win32\debug\residential\freezer.obj
c:\users\mafoti\documents\visual studio 2013\projects\trunk gridlab-d-code-strategicconsumer\residential\win32\debug\residential\house_a.obj
c:\users\mafoti\documents\visual studio 2013\projects\trunk gridlab-d-code-strategicconsumer\residential\win32\debug\residential\house_e.obj
c:\users\mafoti\documents\visual studio 2013\projects\trunk gridlab-d-code-strategicconsumer\residential\win32\debug\residential\init.obj
c:\users\mafoti\documents\visual studio 2013\projects\trunk gridlab-d-code-strategicconsumer\residential\win32\debug\residential\jacuzzi.obj
c:\users\mafoti\documents\visual studio 2013\projects\trunk gridlab-d-code-strategicconsumer\residential\win32\debug\residential\lights.obj
c:\users\mafoti\documents\visual studio 2013\projects\trunk gridlab-d-code-strategicconsumer\residential\win32\debug\residential\main.obj
c:\users\mafoti\documents\visual studio 2013\projects\trunk gridlab-d-code-strategicconsumer\residential\win32\debug\residential\microwave.obj
c:\users\mafoti\documents\visual studio 2013\projects\trunk gridlab-d-code-strategicconsumer\residential\win32\debug\residential\occupantload.obj
c:\users\mafoti\documents\visual studio 2013\projects\trunk gridlab-d-code-strategicconsumer\residential\win32\debug\residential\plugload.obj
c:\users\mafoti\documents\visual studio 2013\projects\trunk gridlab-d-code-strategicconsumer\residential\win32\debug\residential\range.obj
c:\users\mafoti\documents\visual studio 2013\projects\trunk gridlab-d-code-strategicconsumer\residential\win32\debug\residential\refrigerator.obj
c:\users\mafoti\documents\visual studio 2013\projects\trunk gridlab-d-code-strategicconsumer\residential\win32\debug\residential\residential_enduse.obj
c:\users\mafoti\documents\visual studio 2013\projects\trunk gridlab-d-code-strategicconsumer\residential\win32\debug\residential\solvers.obj
c:\users\mafoti\documents\visual studio 2013\projects\trunk gridlab-d-code-strategicconsumer\residential\win32\debug\residential\thermal_storage.obj
c:\users\mafoti\documents\visual studio 2013\projects\trunk gridlab-d-code-strategicconsumer\residential\win32\debug\residential\waterheater.obj
c:\users\mafoti\documents\visual studio 2013\projects\trunk gridlab-d-code-strategicconsumer\residential\win32\debug\residential\zipload.obj
c:\users\mafoti\documents\visual studio 2013\projects\trunk gridlab-d-code-strategicconsumer\residential\win32\debug\residential\appliance.obj
c:\users\mafoti\documents\visual studio 2013\projects\trunk gridlab-d-code-strategicconsumer\residential\win32\debug\residential\clotheswasher.obj
c:\users\mafoti\documents\visual studio 2013\projects\trunk gridlab-d-code-strategicconsumer\residential\win32\debug\residential\dishwasher.obj
c:\users\mafoti\documents\visual studio 2013\projects\trunk gridlab-d-code-strategicconsumer\vs2005\win32\debug\residential.lib
c:\users\mafoti\documents\visual studio 2013\projects\trunk gridlab-d-code-strategicconsumer\vs2005\win32\debug\residential.exp
