Build started 16-Mar-15 5:34:35 PM.
     1>Project "C:\Users\mafoti\Documents\Visual Studio 2013\Projects\trunk gridlab-d-code\mysql\mysql.vcxproj" on node 2 (Rebuild target(s)).
     1>ClCompile:
         C:\Program Files (x86)\Microsoft Visual Studio 12.0\VC\bin\x86_amd64\CL.exe /c /I..\core /Zi /nologo /W3 /WX- /Od /D HAVE_MYSQL /D WIN32 /D _DEBUG /D _WINDOWS /D _USRDLL /D _CRT_SECURE_NO_DEPRECATE /D _TESTING /D _WINDLL /D _MBCS /Gm /EHsc /RTC1 /MDd /GS /fp:precise /Zc:wchar_t /Zc:forScope /Fo"x64\Debug\mysql\\" /Fd"x64\Debug\mysql\vc120.pdb" /Gd /TP /wd4996 /errorReport:prompt collector.cpp database.cpp init.cpp main.cpp player.cpp recorder.cpp
         recorder.cpp
     1>c:\users\mafoti\documents\visual studio 2013\projects\trunk gridlab-d-code\core\config_external.h(9): warning C4005: 'HAVE_MYSQL' : macro redefinition
                 command-line arguments :  see previous definition of 'HAVE_MYSQL'
     1>C:\Program Files (x86)\Microsoft Visual Studio 12.0\VC\include\math.h(102): warning C4005: 'INFINITY' : macro redefinition
                 c:\users\mafoti\documents\visual studio 2013\projects\trunk gridlab-d-code\core\platform.h(46) : see previous definition of 'INFINITY'
         player.cpp
     1>c:\users\mafoti\documents\visual studio 2013\projects\trunk gridlab-d-code\core\config_external.h(9): warning C4005: 'HAVE_MYSQL' : macro redefinition
                 command-line arguments :  see previous definition of 'HAVE_MYSQL'
     1>C:\Program Files (x86)\Microsoft Visual Studio 12.0\VC\include\math.h(102): warning C4005: 'INFINITY' : macro redefinition
                 c:\users\mafoti\documents\visual studio 2013\projects\trunk gridlab-d-code\core\platform.h(46) : see previous definition of 'INFINITY'
     1>player.cpp(85): warning C4244: '=' : conversion from 'set' to 'int', possible loss of data
     1>player.cpp(133): warning C4244: '=' : conversion from 'my_ulonglong' to 'unsigned long', possible loss of data
         main.cpp
     1>c:\users\mafoti\documents\visual studio 2013\projects\trunk gridlab-d-code\core\config_external.h(9): warning C4005: 'HAVE_MYSQL' : macro redefinition
                 command-line arguments :  see previous definition of 'HAVE_MYSQL'
     1>C:\Program Files (x86)\Microsoft Visual Studio 12.0\VC\include\math.h(102): warning C4005: 'INFINITY' : macro redefinition
                 c:\users\mafoti\documents\visual studio 2013\projects\trunk gridlab-d-code\core\platform.h(46) : see previous definition of 'INFINITY'
         init.cpp
     1>c:\users\mafoti\documents\visual studio 2013\projects\trunk gridlab-d-code\core\config_external.h(9): warning C4005: 'HAVE_MYSQL' : macro redefinition
                 command-line arguments :  see previous definition of 'HAVE_MYSQL'
     1>c:\users\mafoti\documents\visual studio 2013\projects\trunk gridlab-d-code\core\platform.h(46): warning C4005: 'INFINITY' : macro redefinition
                 C:\Program Files (x86)\Microsoft Visual Studio 12.0\VC\include\math.h(102) : see previous definition of 'INFINITY'
         database.cpp
     1>c:\users\mafoti\documents\visual studio 2013\projects\trunk gridlab-d-code\core\config_external.h(9): warning C4005: 'HAVE_MYSQL' : macro redefinition
                 command-line arguments :  see previous definition of 'HAVE_MYSQL'
     1>c:\users\mafoti\documents\visual studio 2013\projects\trunk gridlab-d-code\core\platform.h(46): warning C4005: 'INFINITY' : macro redefinition
                 C:\Program Files (x86)\Microsoft Visual Studio 12.0\VC\include\math.h(102) : see previous definition of 'INFINITY'
     1>database.cpp(186): warning C4244: 'initializing' : conversion from 'TIMESTAMP' to 'int', possible loss of data
     1>database.cpp(197): warning C4244: 'return' : conversion from 'double' to 'TIMESTAMP', possible loss of data
     1>database.cpp(209): warning C4244: 'initializing' : conversion from 'my_ulonglong' to 'int', possible loss of data
     1>database.cpp(289): warning C4267: 'argument' : conversion from 'size_t' to 'int', possible loss of data
     1>database.cpp(326): warning C4244: 'initializing' : conversion from 'my_ulonglong' to 'int', possible loss of data
     1>database.cpp(353): warning C4267: 'initializing' : conversion from 'size_t' to 'int', possible loss of data
     1>database.cpp(360): warning C4305: '=' : truncation from 'int' to 'char'
     1>database.cpp(360): warning C4309: '=' : truncation of constant value
     1>database.cpp(419): warning C4102: 'Done' : unreferenced label
     1>database.cpp(537): warning C4102: 'Done' : unreferenced label
     1>database.cpp(576): warning C4267: '+=' : conversion from 'size_t' to 'int', possible loss of data
         collector.cpp
     1>c:\users\mafoti\documents\visual studio 2013\projects\trunk gridlab-d-code\core\config_external.h(9): warning C4005: 'HAVE_MYSQL' : macro redefinition
                 command-line arguments :  see previous definition of 'HAVE_MYSQL'
     1>C:\Program Files (x86)\Microsoft Visual Studio 12.0\VC\include\math.h(102): warning C4005: 'INFINITY' : macro redefinition
                 c:\users\mafoti\documents\visual studio 2013\projects\trunk gridlab-d-code\core\platform.h(46) : see previous definition of 'INFINITY'
     1>collector.cpp(127): warning C4267: 'initializing' : conversion from 'size_t' to 'int', possible loss of data
         Generating Code...
       Link:
         C:\Program Files (x86)\Microsoft Visual Studio 12.0\VC\bin\x86_amd64\link.exe /ERRORREPORT:PROMPT /OUT:"..\VS2005\x64\Debug\mysql.dll" /INCREMENTAL:NO /NOLOGO /LIBPATH:"C:\Users\mafoti\Documents\New folder" /LIBPATH:..\VS2005\x64\Debug\ /LIBPATH:"C:\Users\mafoti\Documents\Visual Studio 2013\Projects\trunk gridlab-d-code\mysql\x64\Debug" libmysql.lib pthreadVC2.lib kernel32.lib user32.lib gdi32.lib winspool.lib comdlg32.lib advapi32.lib shell32.lib ole32.lib oleaut32.lib uuid.lib odbc32.lib odbccp32.lib /MANIFEST /MANIFESTUAC:"level='asInvoker' uiAccess='false'" /manifest:embed /DEBUG /PDB:"..\VS2005\x64\Debug\mysql.pdb" /SUBSYSTEM:WINDOWS /TLBID:1 /DYNAMICBASE /NXCOMPAT /IMPLIB:"..\VS2005\x64\Debug\mysql.lib" /MACHINE:X64 /DLL x64\Debug\mysql\collector.obj
         x64\Debug\mysql\database.obj
         x64\Debug\mysql\init.obj
         x64\Debug\mysql\main.obj
         x64\Debug\mysql\player.obj
         x64\Debug\mysql\recorder.obj
            Creating library ..\VS2005\x64\Debug\mysql.lib and object ..\VS2005\x64\Debug\mysql.exp
         mysql.vcxproj -> C:\Users\mafoti\Documents\Visual Studio 2013\Projects\trunk gridlab-d-code\mysql\..\VS2005\x64\Debug\mysql.dll
     1>Done Building Project "C:\Users\mafoti\Documents\Visual Studio 2013\Projects\trunk gridlab-d-code\mysql\mysql.vcxproj" (Rebuild target(s)).

Build succeeded.

Time Elapsed 00:00:04.82
