c:\users\mafoti\documents\visual studio 2013\projects\trunk gridlab-d-code\core\x64\release\core\vc120.pdb
c:\users\mafoti\documents\visual studio 2013\projects\trunk gridlab-d-code\core\x64\release\core\kill.obj
c:\users\mafoti\documents\visual studio 2013\projects\trunk gridlab-d-code\core\x64\release\core\interpolate.obj
c:\users\mafoti\documents\visual studio 2013\projects\trunk gridlab-d-code\core\x64\release\core\instance_slave.obj
c:\users\mafoti\documents\visual studio 2013\projects\trunk gridlab-d-code\core\x64\release\core\instance_cnx.obj
c:\users\mafoti\documents\visual studio 2013\projects\trunk gridlab-d-code\core\x64\release\core\instance.obj
c:\users\mafoti\documents\visual studio 2013\projects\trunk gridlab-d-code\core\x64\release\core\index.obj
c:\users\mafoti\documents\visual studio 2013\projects\trunk gridlab-d-code\core\x64\release\core\http_client.obj
c:\users\mafoti\documents\visual studio 2013\projects\trunk gridlab-d-code\core\x64\release\core\gui.obj
c:\users\mafoti\documents\visual studio 2013\projects\trunk gridlab-d-code\core\x64\release\core\globals.obj
c:\users\mafoti\documents\visual studio 2013\projects\trunk gridlab-d-code\core\x64\release\core\find.obj
c:\users\mafoti\documents\visual studio 2013\projects\trunk gridlab-d-code\core\x64\release\core\exec.obj
c:\users\mafoti\documents\visual studio 2013\projects\trunk gridlab-d-code\core\x64\release\core\exception.obj
c:\users\mafoti\documents\visual studio 2013\projects\trunk gridlab-d-code\core\x64\release\core\environment.obj
c:\users\mafoti\documents\visual studio 2013\projects\trunk gridlab-d-code\core\x64\release\core\enduse.obj
c:\users\mafoti\documents\visual studio 2013\projects\trunk gridlab-d-code\core\x64\release\core\deltamode.obj
c:\users\mafoti\documents\visual studio 2013\projects\trunk gridlab-d-code\core\x64\release\core\debug.obj
c:\users\mafoti\documents\visual studio 2013\projects\trunk gridlab-d-code\core\x64\release\core\compare.obj
c:\users\mafoti\documents\visual studio 2013\projects\trunk gridlab-d-code\core\x64\release\core\cmdarg.obj
c:\users\mafoti\documents\visual studio 2013\projects\trunk gridlab-d-code\core\x64\release\core\class.obj
c:\users\mafoti\documents\visual studio 2013\projects\trunk gridlab-d-code\core\x64\release\core\aggregate.obj
c:\users\mafoti\documents\visual studio 2013\projects\trunk gridlab-d-code\core\x64\release\core\test.obj
c:\users\mafoti\documents\visual studio 2013\projects\trunk gridlab-d-code\core\x64\release\core\server.obj
c:\users\mafoti\documents\visual studio 2013\projects\trunk gridlab-d-code\core\x64\release\core\schedule.obj
c:\users\mafoti\documents\visual studio 2013\projects\trunk gridlab-d-code\core\x64\release\core\save.obj
c:\users\mafoti\documents\visual studio 2013\projects\trunk gridlab-d-code\core\x64\release\core\realtime.obj
c:\users\mafoti\documents\visual studio 2013\projects\trunk gridlab-d-code\core\x64\release\core\random.obj
c:\users\mafoti\documents\visual studio 2013\projects\trunk gridlab-d-code\core\x64\release\core\property.obj
c:\users\mafoti\documents\visual studio 2013\projects\trunk gridlab-d-code\core\x64\release\core\output.obj
c:\users\mafoti\documents\visual studio 2013\projects\trunk gridlab-d-code\core\x64\release\core\object.obj
c:\users\mafoti\documents\visual studio 2013\projects\trunk gridlab-d-code\core\x64\release\core\module.obj
c:\users\mafoti\documents\visual studio 2013\projects\trunk gridlab-d-code\core\x64\release\core\matlab.obj
c:\users\mafoti\documents\visual studio 2013\projects\trunk gridlab-d-code\core\x64\release\core\match.obj
c:\users\mafoti\documents\visual studio 2013\projects\trunk gridlab-d-code\core\x64\release\core\main.obj
c:\users\mafoti\documents\visual studio 2013\projects\trunk gridlab-d-code\core\x64\release\core\local.obj
c:\users\mafoti\documents\visual studio 2013\projects\trunk gridlab-d-code\core\x64\release\core\loadshape.obj
c:\users\mafoti\documents\visual studio 2013\projects\trunk gridlab-d-code\core\x64\release\core\load.obj
c:\users\mafoti\documents\visual studio 2013\projects\trunk gridlab-d-code\core\x64\release\core\list.obj
c:\users\mafoti\documents\visual studio 2013\projects\trunk gridlab-d-code\core\x64\release\core\linkage.obj
c:\users\mafoti\documents\visual studio 2013\projects\trunk gridlab-d-code\core\x64\release\core\legal.obj
c:\users\mafoti\documents\visual studio 2013\projects\trunk gridlab-d-code\core\x64\release\core\kml.obj
c:\users\mafoti\documents\visual studio 2013\projects\trunk gridlab-d-code\core\x64\release\core\unit.obj
c:\users\mafoti\documents\visual studio 2013\projects\trunk gridlab-d-code\core\x64\release\core\ufile.obj
c:\users\mafoti\documents\visual studio 2013\projects\trunk gridlab-d-code\core\x64\release\core\transform.obj
c:\users\mafoti\documents\visual studio 2013\projects\trunk gridlab-d-code\core\x64\release\core\timestamp.obj
c:\users\mafoti\documents\visual studio 2013\projects\trunk gridlab-d-code\core\x64\release\core\threadpool.obj
c:\users\mafoti\documents\visual studio 2013\projects\trunk gridlab-d-code\core\x64\release\core\validate.obj
c:\users\mafoti\documents\visual studio 2013\projects\trunk gridlab-d-code\core\x64\release\core\test_framework.obj
c:\users\mafoti\documents\visual studio 2013\projects\trunk gridlab-d-code\core\x64\release\core\stream.obj
c:\users\mafoti\documents\visual studio 2013\projects\trunk gridlab-d-code\core\x64\release\core\setup.obj
c:\users\mafoti\documents\visual studio 2013\projects\trunk gridlab-d-code\core\x64\release\core\sanitize.obj
c:\users\mafoti\documents\visual studio 2013\projects\trunk gridlab-d-code\core\x64\release\core\lock.obj
c:\users\mafoti\documents\visual studio 2013\projects\trunk gridlab-d-code\core\x64\release\core\load_xml_handle.obj
c:\users\mafoti\documents\visual studio 2013\projects\trunk gridlab-d-code\core\x64\release\core\load_xml.obj
c:\users\mafoti\documents\visual studio 2013\projects\trunk gridlab-d-code\core\x64\release\core\link.obj
c:\users\mafoti\documents\visual studio 2013\projects\trunk gridlab-d-code\core\x64\release\core\job.obj
c:\users\mafoti\documents\visual studio 2013\projects\trunk gridlab-d-code\core\x64\release\core\convert.obj
c:\users\mafoti\documents\visual studio 2013\projects\trunk gridlab-d-code\vs2005\x64\release\microsoft.vc80.crt.manifest
c:\users\mafoti\documents\visual studio 2013\projects\trunk gridlab-d-code\vs2005\x64\release\msvcm80.dll
c:\users\mafoti\documents\visual studio 2013\projects\trunk gridlab-d-code\vs2005\x64\release\msvcp80.dll
c:\users\mafoti\documents\visual studio 2013\projects\trunk gridlab-d-code\vs2005\x64\release\msvcr80.dll
c:\users\mafoti\documents\visual studio 2013\projects\trunk gridlab-d-code\vs2005\x64\release\tzinfo.txt
c:\users\mafoti\documents\visual studio 2013\projects\trunk gridlab-d-code\vs2005\x64\release\unitfile.txt
c:\users\mafoti\documents\visual studio 2013\projects\trunk gridlab-d-code\vs2005\x64\release\core.exe
c:\users\mafoti\documents\visual studio 2013\projects\trunk gridlab-d-code\vs2005\x64\release\core.map
c:\users\mafoti\documents\visual studio 2013\projects\trunk gridlab-d-code\vs2005\x64\release\core.pdb
c:\users\mafoti\documents\visual studio 2013\projects\trunk gridlab-d-code\core\..\vs2005\x64\release\core.exe
