c:\users\mafoti\documents\visual studio 2013\projects\trunk gridlab-d-code\core\x64\debug\core\vc120.pdb
c:\users\mafoti\documents\visual studio 2013\projects\trunk gridlab-d-code\core\x64\debug\core\kill.obj
c:\users\mafoti\documents\visual studio 2013\projects\trunk gridlab-d-code\core\x64\debug\core\interpolate.obj
c:\users\mafoti\documents\visual studio 2013\projects\trunk gridlab-d-code\core\x64\debug\core\instance_slave.obj
c:\users\mafoti\documents\visual studio 2013\projects\trunk gridlab-d-code\core\x64\debug\core\instance_cnx.obj
c:\users\mafoti\documents\visual studio 2013\projects\trunk gridlab-d-code\core\x64\debug\core\instance.obj
c:\users\mafoti\documents\visual studio 2013\projects\trunk gridlab-d-code\core\x64\debug\core\index.obj
c:\users\mafoti\documents\visual studio 2013\projects\trunk gridlab-d-code\core\x64\debug\core\http_client.obj
c:\users\mafoti\documents\visual studio 2013\projects\trunk gridlab-d-code\core\x64\debug\core\gui.obj
c:\users\mafoti\documents\visual studio 2013\projects\trunk gridlab-d-code\core\x64\debug\core\globals.obj
c:\users\mafoti\documents\visual studio 2013\projects\trunk gridlab-d-code\core\x64\debug\core\find.obj
c:\users\mafoti\documents\visual studio 2013\projects\trunk gridlab-d-code\core\x64\debug\core\exec.obj
c:\users\mafoti\documents\visual studio 2013\projects\trunk gridlab-d-code\core\x64\debug\core\exception.obj
c:\users\mafoti\documents\visual studio 2013\projects\trunk gridlab-d-code\core\x64\debug\core\environment.obj
c:\users\mafoti\documents\visual studio 2013\projects\trunk gridlab-d-code\core\x64\debug\core\enduse.obj
c:\users\mafoti\documents\visual studio 2013\projects\trunk gridlab-d-code\core\x64\debug\core\deltamode.obj
c:\users\mafoti\documents\visual studio 2013\projects\trunk gridlab-d-code\core\x64\debug\core\debug.obj
c:\users\mafoti\documents\visual studio 2013\projects\trunk gridlab-d-code\core\x64\debug\core\compare.obj
c:\users\mafoti\documents\visual studio 2013\projects\trunk gridlab-d-code\core\x64\debug\core\cmdarg.obj
c:\users\mafoti\documents\visual studio 2013\projects\trunk gridlab-d-code\core\x64\debug\core\class.obj
c:\users\mafoti\documents\visual studio 2013\projects\trunk gridlab-d-code\core\x64\debug\core\aggregate.obj
c:\users\mafoti\documents\visual studio 2013\projects\trunk gridlab-d-code\core\x64\debug\core\test.obj
c:\users\mafoti\documents\visual studio 2013\projects\trunk gridlab-d-code\core\x64\debug\core\server.obj
c:\users\mafoti\documents\visual studio 2013\projects\trunk gridlab-d-code\core\x64\debug\core\schedule.obj
c:\users\mafoti\documents\visual studio 2013\projects\trunk gridlab-d-code\core\x64\debug\core\save.obj
c:\users\mafoti\documents\visual studio 2013\projects\trunk gridlab-d-code\core\x64\debug\core\realtime.obj
c:\users\mafoti\documents\visual studio 2013\projects\trunk gridlab-d-code\core\x64\debug\core\random.obj
c:\users\mafoti\documents\visual studio 2013\projects\trunk gridlab-d-code\core\x64\debug\core\property.obj
c:\users\mafoti\documents\visual studio 2013\projects\trunk gridlab-d-code\core\x64\debug\core\output.obj
c:\users\mafoti\documents\visual studio 2013\projects\trunk gridlab-d-code\core\x64\debug\core\object.obj
c:\users\mafoti\documents\visual studio 2013\projects\trunk gridlab-d-code\core\x64\debug\core\module.obj
c:\users\mafoti\documents\visual studio 2013\projects\trunk gridlab-d-code\core\x64\debug\core\matlab.obj
c:\users\mafoti\documents\visual studio 2013\projects\trunk gridlab-d-code\core\x64\debug\core\match.obj
c:\users\mafoti\documents\visual studio 2013\projects\trunk gridlab-d-code\core\x64\debug\core\main.obj
c:\users\mafoti\documents\visual studio 2013\projects\trunk gridlab-d-code\core\x64\debug\core\local.obj
c:\users\mafoti\documents\visual studio 2013\projects\trunk gridlab-d-code\core\x64\debug\core\loadshape.obj
c:\users\mafoti\documents\visual studio 2013\projects\trunk gridlab-d-code\core\x64\debug\core\load.obj
c:\users\mafoti\documents\visual studio 2013\projects\trunk gridlab-d-code\core\x64\debug\core\list.obj
c:\users\mafoti\documents\visual studio 2013\projects\trunk gridlab-d-code\core\x64\debug\core\linkage.obj
c:\users\mafoti\documents\visual studio 2013\projects\trunk gridlab-d-code\core\x64\debug\core\legal.obj
c:\users\mafoti\documents\visual studio 2013\projects\trunk gridlab-d-code\core\x64\debug\core\kml.obj
c:\users\mafoti\documents\visual studio 2013\projects\trunk gridlab-d-code\core\x64\debug\core\unit.obj
c:\users\mafoti\documents\visual studio 2013\projects\trunk gridlab-d-code\core\x64\debug\core\ufile.obj
c:\users\mafoti\documents\visual studio 2013\projects\trunk gridlab-d-code\core\x64\debug\core\transform.obj
c:\users\mafoti\documents\visual studio 2013\projects\trunk gridlab-d-code\core\x64\debug\core\timestamp.obj
c:\users\mafoti\documents\visual studio 2013\projects\trunk gridlab-d-code\core\x64\debug\core\threadpool.obj
c:\users\mafoti\documents\visual studio 2013\projects\trunk gridlab-d-code\core\x64\debug\core\validate.obj
c:\users\mafoti\documents\visual studio 2013\projects\trunk gridlab-d-code\core\x64\debug\core\test_framework.obj
c:\users\mafoti\documents\visual studio 2013\projects\trunk gridlab-d-code\core\x64\debug\core\stream.obj
c:\users\mafoti\documents\visual studio 2013\projects\trunk gridlab-d-code\core\x64\debug\core\setup.obj
c:\users\mafoti\documents\visual studio 2013\projects\trunk gridlab-d-code\core\x64\debug\core\sanitize.obj
c:\users\mafoti\documents\visual studio 2013\projects\trunk gridlab-d-code\core\x64\debug\core\lock.obj
c:\users\mafoti\documents\visual studio 2013\projects\trunk gridlab-d-code\core\x64\debug\core\load_xml_handle.obj
c:\users\mafoti\documents\visual studio 2013\projects\trunk gridlab-d-code\core\x64\debug\core\load_xml.obj
c:\users\mafoti\documents\visual studio 2013\projects\trunk gridlab-d-code\core\x64\debug\core\link.obj
c:\users\mafoti\documents\visual studio 2013\projects\trunk gridlab-d-code\core\x64\debug\core\job.obj
c:\users\mafoti\documents\visual studio 2013\projects\trunk gridlab-d-code\core\x64\debug\core\convert.obj
c:\users\mafoti\documents\visual studio 2013\projects\trunk gridlab-d-code\vs2005\x64\debug\microsoft.vc80.debugcrt.manifest
c:\users\mafoti\documents\visual studio 2013\projects\trunk gridlab-d-code\vs2005\x64\debug\msvcm80d.dll
c:\users\mafoti\documents\visual studio 2013\projects\trunk gridlab-d-code\vs2005\x64\debug\msvcp80d.dll
c:\users\mafoti\documents\visual studio 2013\projects\trunk gridlab-d-code\vs2005\x64\debug\msvcr80d.dll
c:\users\mafoti\documents\visual studio 2013\projects\trunk gridlab-d-code\vs2005\x64\debug\tzinfo.txt
c:\users\mafoti\documents\visual studio 2013\projects\trunk gridlab-d-code\vs2005\x64\debug\unitfile.txt
