c:\users\mafoti\documents\visual studio 2013\projects\trunk gridlab-d-code-strategicconsumer\market\win32\release\market\vc120.pdb
c:\users\mafoti\documents\visual studio 2013\projects\trunk gridlab-d-code-strategicconsumer\market\win32\release\market\trainer.obj
c:\users\mafoti\documents\visual studio 2013\projects\trunk gridlab-d-code-strategicconsumer\market\win32\release\market\stub_bidder.obj
c:\users\mafoti\documents\visual studio 2013\projects\trunk gridlab-d-code-strategicconsumer\market\win32\release\market\stubauction.obj
c:\users\mafoti\documents\visual studio 2013\projects\trunk gridlab-d-code-strategicconsumer\market\win32\release\market\predict.obj
c:\users\mafoti\documents\visual studio 2013\projects\trunk gridlab-d-code-strategicconsumer\market\win32\release\market\passive_controller.obj
c:\users\mafoti\documents\visual studio 2013\projects\trunk gridlab-d-code-strategicconsumer\market\win32\release\market\main.obj
c:\users\mafoti\documents\visual studio 2013\projects\trunk gridlab-d-code-strategicconsumer\market\win32\release\market\generator_controller.obj
c:\users\mafoti\documents\visual studio 2013\projects\trunk gridlab-d-code-strategicconsumer\market\win32\release\market\curve.obj
c:\users\mafoti\documents\visual studio 2013\projects\trunk gridlab-d-code-strategicconsumer\market\win32\release\market\controller.obj
c:\users\mafoti\documents\visual studio 2013\projects\trunk gridlab-d-code-strategicconsumer\market\win32\release\market\bid.obj
c:\users\mafoti\documents\visual studio 2013\projects\trunk gridlab-d-code-strategicconsumer\market\win32\release\market\auction.obj
c:\users\mafoti\documents\visual studio 2013\projects\trunk gridlab-d-code-strategicconsumer\market\win32\release\market\source.obj
c:\users\mafoti\documents\visual studio 2013\projects\trunk gridlab-d-code-strategicconsumer\market\win32\release\market\init.obj
c:\users\mafoti\documents\visual studio 2013\projects\trunk gridlab-d-code-strategicconsumer\market\win32\release\market\double_controller.obj
c:\users\mafoti\documents\visual studio 2013\projects\trunk gridlab-d-code-strategicconsumer\market\win32\release\market\game.obj
c:\users\mafoti\documents\visual studio 2013\projects\trunk gridlab-d-code-strategicconsumer\market\win32\release\market\hvacgame.obj
c:\users\mafoti\documents\visual studio 2013\projects\trunk gridlab-d-code-strategicconsumer\vs2005\win32\release\market.dll
c:\users\mafoti\documents\visual studio 2013\projects\trunk gridlab-d-code-strategicconsumer\vs2005\win32\release\market.pdb
c:\users\mafoti\documents\visual studio 2013\projects\trunk gridlab-d-code-strategicconsumer\vs2005\win32\release\market.lib
c:\users\mafoti\documents\visual studio 2013\projects\trunk gridlab-d-code-strategicconsumer\vs2005\win32\release\market.exp
c:\users\mafoti\documents\visual studio 2013\projects\trunk gridlab-d-code-strategicconsumer\market\..\vs2005\win32\release\market.dll
