Build started 17-Mar-15 4:36:44 PM.
     1>Project "C:\Users\mafoti\Documents\Visual Studio 2013\Projects\trunk gridlab-d-code\mysql\mysql.vcxproj" on node 2 (Build target(s)).
     1>ClCompile:
         C:\Program Files (x86)\Microsoft Visual Studio 12.0\VC\bin\CL.exe /c /I..\core /ZI /nologo /W3 /WX- /Od /Oy- /D HAVE_MYSQL /D WIN32 /D _DEBUG /D _WINDOWS /D _USRDLL /D _CRT_SECURE_NO_DEPRECATE /D _TESTING /D _WINDLL /D _MBCS /Gm /EHsc /RTC1 /MDd /GS /fp:precise /Zc:wchar_t /Zc:forScope /Fo"Win32\Debug\mysql\\" /Fd"Win32\Debug\mysql\vc120.pdb" /Gd /TP /wd4996 /analyze- /errorReport:prompt recorder.cpp
         recorder.cpp
     1>c:\users\mafoti\documents\visual studio 2013\projects\trunk gridlab-d-code\core\config_external.h(9): warning C4005: 'HAVE_MYSQL' : macro redefinition
                 command-line arguments :  see previous definition of 'HAVE_MYSQL'
     1>c:\program files (x86)\microsoft visual studio 12.0\vc\include\math.h(102): warning C4005: 'INFINITY' : macro redefinition
                 c:\users\mafoti\documents\visual studio 2013\projects\trunk gridlab-d-code\core\platform.h(46) : see previous definition of 'INFINITY'
       Link:
         C:\Program Files (x86)\Microsoft Visual Studio 12.0\VC\bin\link.exe /ERRORREPORT:PROMPT /OUT:"..\VS2005\Win32\Debug\mysql.dll" /INCREMENTAL /NOLOGO /LIBPATH:..\VS2005\Win32\Debug\ /LIBPATH:"C:\Users\mafoti\Documents\Visual Studio 2013\Projects\trunk gridlab-d-code\mysql\Win32\Debug" libmysql.lib kernel32.lib user32.lib gdi32.lib winspool.lib comdlg32.lib advapi32.lib shell32.lib ole32.lib oleaut32.lib uuid.lib odbc32.lib odbccp32.lib /MANIFEST /MANIFESTUAC:"level='asInvoker' uiAccess='false'" /manifest:embed /DEBUG /PDB:"..\VS2005\Win32\Debug\mysql.pdb" /SUBSYSTEM:WINDOWS /TLBID:1 /DYNAMICBASE /NXCOMPAT /IMPLIB:"..\VS2005\Win32\Debug\mysql.lib" /MACHINE:X86 /SAFESEH /DLL Win32\Debug\mysql\collector.obj
         Win32\Debug\mysql\database.obj
         Win32\Debug\mysql\init.obj
         Win32\Debug\mysql\main.obj
         Win32\Debug\mysql\player.obj
         Win32\Debug\mysql\recorder.obj
         mysql.vcxproj -> C:\Users\mafoti\Documents\Visual Studio 2013\Projects\trunk gridlab-d-code\mysql\..\VS2005\Win32\Debug\mysql.dll
     1>Done Building Project "C:\Users\mafoti\Documents\Visual Studio 2013\Projects\trunk gridlab-d-code\mysql\mysql.vcxproj" (Build target(s)).

Build succeeded.

Time Elapsed 00:00:20.57
