c:\users\antonia\documents\gridlab-d\gridlab-d-code-5028-trunk\gridlab-d-code-5028-trunk\generators\win32\debug\generators\battery.obj
c:\users\antonia\documents\gridlab-d\gridlab-d-code-5028-trunk\gridlab-d-code-5028-trunk\generators\win32\debug\generators\central_dg_control.obj
c:\users\antonia\documents\gridlab-d\gridlab-d-code-5028-trunk\gridlab-d-code-5028-trunk\generators\win32\debug\generators\dc_dc_converter.obj
c:\users\antonia\documents\gridlab-d\gridlab-d-code-5028-trunk\gridlab-d-code-5028-trunk\generators\win32\debug\generators\diesel_dg.obj
c:\users\antonia\documents\gridlab-d\gridlab-d-code-5028-trunk\gridlab-d-code-5028-trunk\generators\win32\debug\generators\energy_storage.obj
c:\users\antonia\documents\gridlab-d\gridlab-d-code-5028-trunk\gridlab-d-code-5028-trunk\generators\win32\debug\generators\init.obj
c:\users\antonia\documents\gridlab-d\gridlab-d-code-5028-trunk\gridlab-d-code-5028-trunk\generators\win32\debug\generators\inverter.obj
c:\users\antonia\documents\gridlab-d\gridlab-d-code-5028-trunk\gridlab-d-code-5028-trunk\generators\win32\debug\generators\main.obj
c:\users\antonia\documents\gridlab-d\gridlab-d-code-5028-trunk\gridlab-d-code-5028-trunk\generators\win32\debug\generators\microturbine.obj
c:\users\antonia\documents\gridlab-d\gridlab-d-code-5028-trunk\gridlab-d-code-5028-trunk\generators\win32\debug\generators\power_electronics.obj
c:\users\antonia\documents\gridlab-d\gridlab-d-code-5028-trunk\gridlab-d-code-5028-trunk\generators\win32\debug\generators\rectifier.obj
c:\users\antonia\documents\gridlab-d\gridlab-d-code-5028-trunk\gridlab-d-code-5028-trunk\generators\win32\debug\generators\solar.obj
c:\users\antonia\documents\gridlab-d\gridlab-d-code-5028-trunk\gridlab-d-code-5028-trunk\generators\win32\debug\generators\windturb_dg.obj
c:\users\antonia\documents\gridlab-d\gridlab-d-code-5028-trunk\gridlab-d-code-5028-trunk\generators\win32\debug\generators\vc100.pdb
c:\users\antonia\documents\my papers\simulating reactive-active energy makrets\gridlab-d-code-5028-trunk\gridlab-d-code-5028-trunk\generators\win32\debug\generators\battery.obj
c:\users\antonia\documents\my papers\simulating reactive-active energy makrets\gridlab-d-code-5028-trunk\gridlab-d-code-5028-trunk\generators\win32\debug\generators\central_dg_control.obj
c:\users\antonia\documents\my papers\simulating reactive-active energy makrets\gridlab-d-code-5028-trunk\gridlab-d-code-5028-trunk\generators\win32\debug\generators\dc_dc_converter.obj
c:\users\antonia\documents\my papers\simulating reactive-active energy makrets\gridlab-d-code-5028-trunk\gridlab-d-code-5028-trunk\generators\win32\debug\generators\diesel_dg.obj
c:\users\antonia\documents\my papers\simulating reactive-active energy makrets\gridlab-d-code-5028-trunk\gridlab-d-code-5028-trunk\generators\win32\debug\generators\energy_storage.obj
c:\users\antonia\documents\my papers\simulating reactive-active energy makrets\gridlab-d-code-5028-trunk\gridlab-d-code-5028-trunk\generators\win32\debug\generators\init.obj
c:\users\antonia\documents\my papers\simulating reactive-active energy makrets\gridlab-d-code-5028-trunk\gridlab-d-code-5028-trunk\generators\win32\debug\generators\inverter.obj
c:\users\antonia\documents\my papers\simulating reactive-active energy makrets\gridlab-d-code-5028-trunk\gridlab-d-code-5028-trunk\generators\win32\debug\generators\main.obj
c:\users\antonia\documents\my papers\simulating reactive-active energy makrets\gridlab-d-code-5028-trunk\gridlab-d-code-5028-trunk\generators\win32\debug\generators\microturbine.obj
c:\users\antonia\documents\my papers\simulating reactive-active energy makrets\gridlab-d-code-5028-trunk\gridlab-d-code-5028-trunk\generators\win32\debug\generators\power_electronics.obj
c:\users\antonia\documents\my papers\simulating reactive-active energy makrets\gridlab-d-code-5028-trunk\gridlab-d-code-5028-trunk\generators\win32\debug\generators\rectifier.obj
c:\users\antonia\documents\my papers\simulating reactive-active energy makrets\gridlab-d-code-5028-trunk\gridlab-d-code-5028-trunk\generators\win32\debug\generators\solar.obj
c:\users\antonia\documents\my papers\simulating reactive-active energy makrets\gridlab-d-code-5028-trunk\gridlab-d-code-5028-trunk\generators\win32\debug\generators\windturb_dg.obj
c:\users\antonia\documents\my papers\simulating reactive-active energy makrets\gridlab-d-code-5028-trunk\gridlab-d-code-5028-trunk\generators\win32\debug\generators\vc100.pdb
c:\users\antonia\documents\gridlab-d\gridlab-d-code-5028-trunk\gridlab-d-code-5028-trunk\vs2005\win32\debug\generators.lib
c:\users\antonia\documents\gridlab-d\gridlab-d-code-5028-trunk\gridlab-d-code-5028-trunk\vs2005\win32\debug\generators.exp
c:\users\antonia\documents\my papers\simulating reactive-active energy makrets\gridlab-d-code-5028-trunk\gridlab-d-code-5028-trunk\vs2005\win32\debug\generators.lib
c:\users\antonia\documents\my papers\simulating reactive-active energy makrets\gridlab-d-code-5028-trunk\gridlab-d-code-5028-trunk\vs2005\win32\debug\generators.exp
c:\users\antonia\documents\gridlab-d\gridlab-d-code-5028-trunk\gridlab-d-code-5028-trunk\vs2005\win32\debug\generators.ilk
c:\users\antonia\documents\gridlab-d\gridlab-d-code-5028-trunk\gridlab-d-code-5028-trunk\vs2005\win32\debug\generators.dll
c:\users\antonia\documents\gridlab-d\gridlab-d-code-5028-trunk\gridlab-d-code-5028-trunk\generators\win32\debug\generators\generators.dll.intermediate.manifest
c:\users\antonia\documents\gridlab-d\gridlab-d-code-5028-trunk\gridlab-d-code-5028-trunk\vs2005\win32\debug\generators.pdb
c:\users\antonia\documents\my papers\simulating reactive-active energy makrets\gridlab-d-code-5028-trunk\gridlab-d-code-5028-trunk\vs2005\win32\debug\generators.ilk
c:\users\antonia\documents\my papers\simulating reactive-active energy makrets\gridlab-d-code-5028-trunk\gridlab-d-code-5028-trunk\vs2005\win32\debug\generators.dll
c:\users\antonia\documents\my papers\simulating reactive-active energy makrets\gridlab-d-code-5028-trunk\gridlab-d-code-5028-trunk\generators\win32\debug\generators\generators.dll.intermediate.manifest
c:\users\antonia\documents\my papers\simulating reactive-active energy makrets\gridlab-d-code-5028-trunk\gridlab-d-code-5028-trunk\vs2005\win32\debug\generators.pdb
c:\users\antonia\documents\gridlab-d\gridlab-d-code-5028-trunk\gridlab-d-code-5028-trunk\generators\win32\debug\generators\generators.dll.embed.manifest
c:\users\antonia\documents\gridlab-d\gridlab-d-code-5028-trunk\gridlab-d-code-5028-trunk\generators\win32\debug\generators\generators.dll.embed.manifest.res
c:\users\antonia\documents\my papers\simulating reactive-active energy makrets\gridlab-d-code-5028-trunk\gridlab-d-code-5028-trunk\generators\win32\debug\generators\generators.dll.embed.manifest.res
c:\users\mafoti\documents\generators\win32\debug\generators\vc120.pdb
c:\users\mafoti\documents\generators\win32\debug\generators\vc120.idb
c:\users\mafoti\documents\visual studio 2013\projects\trunk gridlab-d-code\generators2\win32\debug\generators\vc120.pdb
c:\users\mafoti\documents\visual studio 2013\projects\trunk gridlab-d-code\generators2\win32\debug\generators\vc120.idb
c:\users\mafoti\documents\visual studio 2013\projects\trunk gridlab-d-code\generators2\win32\debug\generators\battery.obj
c:\users\mafoti\documents\visual studio 2013\projects\trunk gridlab-d-code\generators2\win32\debug\generators\central_dg_control.obj
c:\users\mafoti\documents\visual studio 2013\projects\trunk gridlab-d-code\generators2\win32\debug\generators\dc_dc_converter.obj
c:\users\mafoti\documents\visual studio 2013\projects\trunk gridlab-d-code\generators2\win32\debug\generators\diesel_dg.obj
c:\users\mafoti\documents\visual studio 2013\projects\trunk gridlab-d-code\generators2\win32\debug\generators\energy_storage.obj
c:\users\mafoti\documents\visual studio 2013\projects\trunk gridlab-d-code\generators2\win32\debug\generators\init.obj
c:\users\mafoti\documents\visual studio 2013\projects\trunk gridlab-d-code\generators2\win32\debug\generators\inverter.obj
c:\users\mafoti\documents\visual studio 2013\projects\trunk gridlab-d-code\generators2\win32\debug\generators\main.obj
c:\users\mafoti\documents\visual studio 2013\projects\trunk gridlab-d-code\generators2\win32\debug\generators\microturbine.obj
c:\users\mafoti\documents\visual studio 2013\projects\trunk gridlab-d-code\generators2\win32\debug\generators\power_electronics.obj
c:\users\mafoti\documents\visual studio 2013\projects\trunk gridlab-d-code\generators2\win32\debug\generators\rectifier.obj
c:\users\mafoti\documents\visual studio 2013\projects\trunk gridlab-d-code\generators2\win32\debug\generators\solar.obj
c:\users\mafoti\documents\visual studio 2013\projects\trunk gridlab-d-code\generators2\win32\debug\generators\windturb_dg.obj
c:\users\mafoti\documents\visual studio 2013\projects\trunk gridlab-d-code\vs2005\win32\debug\generators.lib
c:\users\mafoti\documents\visual studio 2013\projects\trunk gridlab-d-code\vs2005\win32\debug\generators.exp
c:\users\mafoti\documents\visual studio 2013\projects\trunk gridlab-d-code\vs2005\win32\debug\generators.ilk
c:\users\mafoti\documents\visual studio 2013\projects\trunk gridlab-d-code\vs2005\win32\debug\generators.dll
c:\users\mafoti\documents\visual studio 2013\projects\trunk gridlab-d-code\vs2005\win32\debug\generators.pdb
